<?xml version="1.0" encoding="UTF-8"?>
<!-- Generated by org.testng.reporters.JUnitReportReporter -->
<testsuite hostname="EBORODINA" name="com.example.tests.GroupCreationTest1" tests="2" failures="0" timestamp="24 Aug 2015 08:39:09 GMT" time="9.473" errors="0">
  <testcase name="testNonEmptyGroupCreation" time="2.834" classname="com.example.tests.GroupCreationTest1"/>
  <testcase name="testEmptyGroupCreation" time="6.639" classname="com.example.tests.GroupCreationTest1"/>
</testsuite> <!-- com.example.tests.GroupCreationTest1 -->
