<?xml version="1.0" encoding="UTF-8"?>
<!-- Generated by org.testng.reporters.JUnitReportReporter -->
<testsuite hostname="EBORODINA" name="com.example.tests.GroupCreationTest2" tests="2" failures="0" timestamp="24 Aug 2015 08:39:09 GMT" time="1.963" errors="0">
  <testcase name="testNonEmptyGroupCreation" time="1.013" classname="com.example.tests.GroupCreationTest2"/>
  <testcase name="testEmptyGroupCreation" time="0.950" classname="com.example.tests.GroupCreationTest2"/>
</testsuite> <!-- com.example.tests.GroupCreationTest2 -->
