<?xml version="1.0" encoding="UTF-8"?>
<!-- Generated by org.testng.reporters.JUnitReportReporter -->
<testsuite hostname="EBORODINA" name="com.example.tests.GroupCreationTestCopy" tests="2" failures="0" timestamp="26 Aug 2015 14:52:21 GMT" time="3.467" errors="0">
  <testcase name="testEmptyGroupCreation" time="1.646" classname="com.example.tests.GroupCreationTestCopy"/>
  <testcase name="testNonEmptyGroupCreation" time="1.821" classname="com.example.tests.GroupCreationTestCopy"/>
</testsuite> <!-- com.example.tests.GroupCreationTestCopy -->
