<?xml version="1.0" encoding="UTF-8"?>
<!-- Generated by org.testng.reporters.JUnitReportReporter -->
<testsuite hostname="EBORODINA" name="com.example.tests.GroupCreationTest1" tests="2" failures="0" timestamp="26 Aug 2015 14:52:21 GMT" time="1.482" errors="0">
  <testcase name="testNonEmptyGroupCreation" time="0.720" classname="com.example.tests.GroupCreationTest1"/>
  <testcase name="testEmptyGroupCreation" time="0.762" classname="com.example.tests.GroupCreationTest1"/>
</testsuite> <!-- com.example.tests.GroupCreationTest1 -->
