<?xml version="1.0" encoding="UTF-8"?>
<!-- Generated by org.testng.reporters.JUnitReportReporter -->
<testsuite hostname="EBORODINA" name="com.example.tests.GroupCreationTest2" tests="2" failures="0" timestamp="26 Aug 2015 12:31:57 GMT" time="3.500" errors="0">
  <testcase name="testEmptyGroupCreation" time="1.552" classname="com.example.tests.GroupCreationTest2"/>
  <testcase name="testNonEmptyGroupCreation" time="1.948" classname="com.example.tests.GroupCreationTest2"/>
</testsuite> <!-- com.example.tests.GroupCreationTest2 -->
