<?xml version="1.0" encoding="UTF-8"?>
<!-- Generated by org.testng.reporters.JUnitReportReporter -->
<testsuite hostname="EBORODINA" name="com.example.tests.ContactCreationTest" tests="1" failures="0" timestamp="26 Aug 2015 14:52:21 GMT" time="1.764" errors="0">
  <testcase name="testContactFormCreation" time="1.764" classname="com.example.tests.ContactCreationTest"/>
</testsuite> <!-- com.example.tests.ContactCreationTest -->
